# JRE version: Java(TM) SE Runtime Environment (8.0_191-b12) (build 1.8.0_191-b12)
# Java VM: Java HotSpot(TM) 64-Bit Server VM (25.191-b12 mixed mode windows-amd64 compressed oops)
Heap:
 PSYoungGen      total 109568K, used 78848K [0x00000000eb600000, 0x00000000fc680000, 0x0000000100000000)
  eden space 30720K, 0% used [0x00000000eb600000,0x00000000eb600000,0x00000000ed400000)
  from space 78848K, 100% used [0x00000000f3c00000,0x00000000f8900000,0x00000000f8900000)
  to   space 106496K, 0% used [0x00000000ed400000,0x00000000ed400000,0x00000000f3c00000)
 ParOldGen       total 362496K, used 323255K [0x00000000c2200000, 0x00000000d8400000, 0x00000000eb600000)
  object space 362496K, 89% used [0x00000000c2200000,0x00000000d5dade18,0x00000000d8400000)
 Metaspace       used 2648K, capacity 4490K, committed 4864K, reserved 1056768K
  class space    used 280K, capacity 386K, committed 512K, reserved 1048576K
GC Heap History (10 events):
Event: 3.796 GC heap after
Heap after GC invocations=8 (full 3):
 PSYoungGen      total 64512K, used 0K [0x00000000eb600000, 0x00000000f5680000, 0x0000000100000000)
  eden space 61952K, 0% used [0x00000000eb600000,0x00000000eb600000,0x00000000ef280000)
  from space 2560K, 0% used [0x00000000ef400000,0x00000000ef400000,0x00000000ef680000)
  to   space 51200K, 0% used [0x00000000f2480000,0x00000000f2480000,0x00000000f5680000)
 ParOldGen       total 210944K, used 92161K [0x00000000c2200000, 0x00000000cf000000, 0x00000000eb600000)
  object space 210944K, 43% used [0x00000000c2200000,0x00000000c7c005b8,0x00000000cf000000)
 Metaspace       used 2648K, capacity 4490K, committed 4864K, reserved 1056768K
  class space    used 280K, capacity 386K, committed 512K, reserved 1048576K
}
Event: 3.908 GC heap before
{Heap before GC invocations=9 (full 3):
 PSYoungGen      total 64512K, used 61952K [0x00000000eb600000, 0x00000000f5680000, 0x0000000100000000)
  eden space 61952K, 100% used [0x00000000eb600000,0x00000000ef280000,0x00000000ef280000)
  from space 2560K, 0% used [0x00000000ef400000,0x00000000ef400000,0x00000000ef680000)
  to   space 51200K, 0% used [0x00000000f2480000,0x00000000f2480000,0x00000000f5680000)
 ParOldGen       total 210944K, used 128216K [0x00000000c2200000, 0x00000000cf000000, 0x00000000eb600000)
  object space 210944K, 60% used [0x00000000c2200000,0x00000000c9f36218,0x00000000cf000000)
 Metaspace       used 2648K, capacity 4490K, committed 4864K, reserved 1056768K
  class space    used 280K, capacity 386K, committed 512K, reserved 1048576K
Event: 4.374 GC heap after
Heap after GC invocations=9 (full 3):
 PSYoungGen      total 96768K, used 51200K [0x00000000eb600000, 0x00000000f8a80000, 0x0000000100000000)
  eden space 45568K, 0% used [0x00000000eb600000,0x00000000eb600000,0x00000000ee280000)
  from space 51200K, 100% used [0x00000000f2480000,0x00000000f5680000,0x00000000f5680000)
  to   space 67584K, 0% used [0x00000000ee280000,0x00000000ee280000,0x00000000f2480000)
 ParOldGen       total 210944K, used 139088K [0x00000000c2200000, 0x00000000cf000000, 0x00000000eb600000)
  object space 210944K, 65% used [0x00000000c2200000,0x00000000ca9d4218,0x00000000cf000000)
 Metaspace       used 2648K, capacity 4490K, committed 4864K, reserved 1056768K
  class space    used 280K, capacity 386K, committed 512K, reserved 1048576K
}
Event: 4.465 GC heap before
{Heap before GC invocations=10 (full 4):
 PSYoungGen      total 96768K, used 96768K [0x00000000eb600000, 0x00000000f8a80000, 0x0000000100000000)
  eden space 45568K, 100% used [0x00000000eb600000,0x00000000ee280000,0x00000000ee280000)
  from space 51200K, 100% used [0x00000000f2480000,0x00000000f5680000,0x00000000f5680000)
  to   space 67584K, 0% used [0x00000000ee280000,0x00000000ee280000,0x00000000f2480000)
 ParOldGen       total 210944K, used 193171K [0x00000000c2200000, 0x00000000cf000000, 0x00000000eb600000)
  object space 210944K, 91% used [0x00000000c2200000,0x00000000cdea4ca0,0x00000000cf000000)
 Metaspace       used 2648K, capacity 4490K, committed 4864K, reserved 1056768K
  class space    used 280K, capacity 386K, committed 512K, reserved 1048576K
Event: 8.143 GC heap after
Heap after GC invocations=10 (full 4):
 PSYoungGen      total 96768K, used 18865K [0x00000000eb600000, 0x00000000f8a80000, 0x0000000100000000)
  eden space 45568K, 0% used [0x00000000eb600000,0x00000000eb600000,0x00000000ee280000)
  from space 51200K, 36% used [0x00000000f2480000,0x00000000f36ec710,0x00000000f5680000)
  to   space 67584K, 0% used [0x00000000ee280000,0x00000000ee280000,0x00000000f2480000)
 ParOldGen       total 362496K, used 210859K [0x00000000c2200000, 0x00000000d8400000, 0x00000000eb600000)
  object space 362496K, 58% used [0x00000000c2200000,0x00000000cefeae50,0x00000000d8400000)
 Metaspace       used 2648K, capacity 4490K, committed 4864K, reserved 1056768K
  class space    used 280K, capacity 386K, committed 512K, reserved 1048576K
}
Event: 8.272 GC heap before
{Heap before GC invocations=11 (full 4):
 PSYoungGen      total 96768K, used 64433K [0x00000000eb600000, 0x00000000f8a80000, 0x0000000100000000)
  eden space 45568K, 100% used [0x00000000eb600000,0x00000000ee280000,0x00000000ee280000)
  from space 51200K, 36% used [0x00000000f2480000,0x00000000f36ec710,0x00000000f5680000)
  to   space 67584K, 0% used [0x00000000ee280000,0x00000000ee280000,0x00000000f2480000)
 ParOldGen       total 362496K, used 291983K [0x00000000c2200000, 0x00000000d8400000, 0x00000000eb600000)
  object space 362496K, 80% used [0x00000000c2200000,0x00000000d3f23e18,0x00000000d8400000)
 Metaspace       used 2648K, capacity 4490K, committed 4864K, reserved 1056768K
  class space    used 280K, capacity 386K, committed 512K, reserved 1048576K
Event: 8.775 GC heap after
Heap after GC invocations=11 (full 4):
 PSYoungGen      total 113152K, used 64512K [0x00000000eb600000, 0x00000000f8900000, 0x0000000100000000)
  eden space 45568K, 0% used [0x00000000eb600000,0x00000000eb600000,0x00000000ee280000)
  from space 67584K, 95% used [0x00000000ee280000,0x00000000f2180000,0x00000000f2480000)
  to   space 78848K, 0% used [0x00000000f3c00000,0x00000000f3c00000,0x00000000f8900000)
 ParOldGen       total 362496K, used 291983K [0x00000000c2200000, 0x00000000d8400000, 0x00000000eb600000)
  object space 362496K, 80% used [0x00000000c2200000,0x00000000d3f23e18,0x00000000d8400000)
 Metaspace       used 2648K, capacity 4490K, committed 4864K, reserved 1056768K
  class space    used 280K, capacity 386K, committed 512K, reserved 1048576K
}
Event: 8.805 GC heap before
{Heap before GC invocations=12 (full 4):
 PSYoungGen      total 113152K, used 110080K [0x00000000eb600000, 0x00000000f8900000, 0x0000000100000000)
  eden space 45568K, 100% used [0x00000000eb600000,0x00000000ee280000,0x00000000ee280000)
  from space 67584K, 95% used [0x00000000ee280000,0x00000000f2180000,0x00000000f2480000)
  to   space 78848K, 0% used [0x00000000f3c00000,0x00000000f3c00000,0x00000000f8900000)
 ParOldGen       total 362496K, used 291983K [0x00000000c2200000, 0x00000000d8400000, 0x00000000eb600000)
  object space 362496K, 80% used [0x00000000c2200000,0x00000000d3f23e18,0x00000000d8400000)
 Metaspace       used 2648K, capacity 4490K, committed 4864K, reserved 1056768K
  class space    used 280K, capacity 386K, committed 512K, reserved 1048576K
Event: 9.434 GC heap after
Heap after GC invocations=12 (full 4):
 PSYoungGen      total 109568K, used 78848K [0x00000000eb600000, 0x00000000fc680000, 0x0000000100000000)
  eden space 30720K, 0% used [0x00000000eb600000,0x00000000eb600000,0x00000000ed400000)
  from space 78848K, 100% used [0x00000000f3c00000,0x00000000f8900000,0x00000000f8900000)
  to   space 106496K, 0% used [0x00000000ed400000,0x00000000ed400000,0x00000000f3c00000)
 ParOldGen       total 362496K, used 323255K [0x00000000c2200000, 0x00000000d8400000, 0x00000000eb600000)
  object space 362496K, 89% used [0x00000000c2200000,0x00000000d5dade18,0x00000000d8400000)
 Metaspace       used 2648K, capacity 4490K, committed 4864K, reserved 1056768K
  class space    used 280K, capacity 386K, committed 512K, reserved 1048576K
}
Event: 9.434 GC heap before
{Heap before GC invocations=13 (full 5):
 PSYoungGen      total 109568K, used 78848K [0x00000000eb600000, 0x00000000fc680000, 0x0000000100000000)
  eden space 30720K, 0% used [0x00000000eb600000,0x00000000eb600000,0x00000000ed400000)
  from space 78848K, 100% used [0x00000000f3c00000,0x00000000f8900000,0x00000000f8900000)
  to   space 106496K, 0% used [0x00000000ed400000,0x00000000ed400000,0x00000000f3c00000)
 ParOldGen       total 362496K, used 323255K [0x00000000c2200000, 0x00000000d8400000, 0x00000000eb600000)
  object space 362496K, 89% used [0x00000000c2200000,0x00000000d5dade18,0x00000000d8400000)
 Metaspace       used 2648K, capacity 4490K, committed 4864K, reserved 1056768K
  class space    used 280K, capacity 386K, committed 512K, reserved 1048576K

